This is pdfTeX, Version 3.14159265-2.6-1.40.18 (MiKTeX 2.9.6300 64-bit) (preloaded format=pdflatex 2017.6.2)  26 JUN 2017 03:37
entering extended mode
**./TUDthesis.tex
(TUDthesis.tex
LaTeX2e <2017-04-15>
Babel <3.9r> and hyphenation patterns for 75 language(s) loaded.
(tudthesis.cls
Document Class: tudthesis 2009/05/15 0.96 Joe Werner's TUD-Design-Manual packag
e
("C:\Program Files\MiKTeX\tex\latex\xkeyval\xkeyval.sty"
Package: xkeyval 2014/12/03 v2.7a package option processing (HA)

("C:\Program Files\MiKTeX\tex\generic\xkeyval\xkeyval.tex"
("C:\Program Files\MiKTeX\tex\generic\xkeyval\xkvutils.tex"
\XKV@toks=\toks14
\XKV@tempa@toks=\toks15

("C:\Program Files\MiKTeX\tex\generic\xkeyval\keyval.tex"))
\XKV@depth=\count79
File: xkeyval.tex 2014/12/03 v2.7a key=value parser (HA)
))
Class tudthesis Info: Unknown option 'article`. Pass to tudreport class. on inp
ut line 37.
Class tudthesis Info: Unknown option 'colorback`. Pass to tudreport class. on i
nput line 37.
Class tudthesis Info: Unknown option 'accentcolor=tud4b`. Pass to tudreport cla
ss. on input line 37.
 (tudreport.cls
Document Class: tudreport 2009/11/17 1.13 Clemens von Loewenich's and Joe Werne
r's TUD-Design package
("C:\Program Files\MiKTeX\tex\latex\base\ifthen.sty"
Package: ifthen 2014/09/29 v1.1c Standard LaTeX ifthen package (DPC)
)
Class tudreport Info: Option `paper=a4report' selected. on input line 142.

(C:\Users\sTeve\AppData\Roaming\MiKTeX\2.9\tex\latex\koma-script\scrartcl.cls
Document Class: scrartcl 2016/06/14 v3.21 KOMA-Script document class (article)
(C:\Users\sTeve\AppData\Roaming\MiKTeX\2.9\tex\latex\koma-script\scrkbase.sty
Package: scrkbase 2016/06/14 v3.21 KOMA-Script package (KOMA-Script-dependent b
asics and keyval usage)

(C:\Users\sTeve\AppData\Roaming\MiKTeX\2.9\tex\latex\koma-script\scrbase.sty
Package: scrbase 2016/06/14 v3.21 KOMA-Script package (KOMA-Script-independent 
basics and keyval usage)

(C:\Users\sTeve\AppData\Roaming\MiKTeX\2.9\tex\latex\koma-script\scrlfile.sty
Package: scrlfile 2016/06/14 v3.21 KOMA-Script package (loading files)

Package scrlfile, 2016/06/14 v3.21 KOMA-Script package (loading files)
                  Copyright (C) Markus Kohm

)))
(C:\Users\sTeve\AppData\Roaming\MiKTeX\2.9\tex\latex\koma-script\tocbasic.sty
Package: tocbasic 2016/06/14 v3.21 KOMA-Script package (handling toc-files)
\scr@dte@tocline@numberwidth=\skip41
\scr@dte@tocline@numbox=\box26
)
Package tocbasic Info: omitting babel extension for `toc'
(tocbasic)             because of feature `nobabel' available
(tocbasic)             for `toc' on input line 130.
Package tocbasic Info: omitting babel extension for `lof'
(tocbasic)             because of feature `nobabel' available
(tocbasic)             for `lof' on input line 131.
Package tocbasic Info: omitting babel extension for `lot'
(tocbasic)             because of feature `nobabel' available
(tocbasic)             for `lot' on input line 132.
Class scrartcl Info: File `scrsize11pt.clo' used instead of
(scrartcl)           file `scrsize11.clo' to setup font sizes on input line 205
2.

(C:\Users\sTeve\AppData\Roaming\MiKTeX\2.9\tex\latex\koma-script\scrsize11pt.cl
o
File: scrsize11pt.clo 2016/06/14 v3.21 KOMA-Script font size class option (11pt
)
)
(C:\Users\sTeve\AppData\Roaming\MiKTeX\2.9\tex\latex\koma-script\typearea.sty
Package: typearea 2016/06/14 v3.21 KOMA-Script package (type area)

Package typearea, 2016/06/14 v3.21 KOMA-Script package (type area)
                  Copyright (C) Frank Neukam, 1992-1994
                  Copyright (C) Markus Kohm, 1994-

\ta@bcor=\skip42
\ta@div=\count80
\ta@hblk=\skip43
\ta@vblk=\skip44
\ta@temp=\skip45
\footheight=\skip46
Package typearea Info: These are the values describing the layout:
(typearea)             DIV  = 10
(typearea)             BCOR = 0.0pt
(typearea)             \paperwidth      = 597.50793pt
(typearea)              \textwidth      = 418.25555pt
(typearea)              DIV departure   = -6%
(typearea)              \evensidemargin = 17.3562pt
(typearea)              \oddsidemargin  = 17.3562pt
(typearea)             \paperheight     = 845.04694pt
(typearea)              \textheight     = 595.80026pt
(typearea)              \topmargin      = -25.16531pt
(typearea)              \headheight     = 17.0pt
(typearea)              \headsep        = 20.40001pt
(typearea)              \topskip        = 11.0pt
(typearea)              \footskip       = 47.6pt
(typearea)              \baselineskip   = 13.6pt
(typearea)              on input line 1529.
)
\c@part=\count81
\c@section=\count82
\c@subsection=\count83
\c@subsubsection=\count84
\c@paragraph=\count85
\c@subparagraph=\count86
\scr@dte@part@maxnumwidth=\skip47
\scr@dte@section@maxnumwidth=\skip48
\scr@dte@subsection@maxnumwidth=\skip49
\scr@dte@subsubsection@maxnumwidth=\skip50
\scr@dte@paragraph@maxnumwidth=\skip51
\scr@dte@subparagraph@maxnumwidth=\skip52
LaTeX Info: Redefining \textsubscript on input line 4036.
\abovecaptionskip=\skip53
\belowcaptionskip=\skip54
\c@pti@nb@sid@b@x=\box27
\c@figure=\count87
\c@table=\count88
Class scrartcl Info: Redefining `\numberline' on input line 5049.
\bibindent=\dimen102
) ("C:\Program Files\MiKTeX\tex\latex\tools\calc.sty"
Package: calc 2014/10/28 v4.3 Infix arithmetic (KKT,FJ)
\calc@Acount=\count89
\calc@Bcount=\count90
\calc@Adimen=\dimen103
\calc@Bdimen=\dimen104
\calc@Askip=\skip55
\calc@Bskip=\skip56
LaTeX Info: Redefining \setlength on input line 80.
LaTeX Info: Redefining \addtolength on input line 81.
\calc@Ccount=\count91
\calc@Cskip=\skip57
) (tudcolours.sty
Package: tudcolours 2009/03/12 1.9 Clemens von Loewenich's and Joe Werner's TUD
-Design package

(C:\Users\sTeve\AppData\Roaming\MiKTeX\2.9\tex\latex\xcolor\xcolor.sty
Package: xcolor 2016/05/11 v2.12 LaTeX color extensions (UK)

("C:\Program Files\MiKTeX\tex\latex\graphics-cfg\color.cfg"
File: color.cfg 2016/01/02 v1.6 sample color configuration
)
Package xcolor Info: Package option `override' ignored on input line 216.
Package xcolor Info: Driver file: pdftex.def on input line 225.

("C:\Program Files\MiKTeX\tex\latex\graphics-def\pdftex.def"
File: pdftex.def 2017/01/12 v0.06k Graphics/color for pdfTeX

("C:\Program Files\MiKTeX\tex\generic\oberdiek\infwarerr.sty"
Package: infwarerr 2016/05/16 v1.4 Providing info/warning/error messages (HO)
)
("C:\Program Files\MiKTeX\tex\generic\oberdiek\ltxcmds.sty"
Package: ltxcmds 2016/05/16 v1.23 LaTeX kernel commands for general use (HO)
)
\Gread@gobject=\count92
)
Package xcolor Info: Model `cmy' substituted by `cmy0' on input line 1348.
Package xcolor Info: Model `hsb' substituted by `rgb' on input line 1352.
Package xcolor Info: Model `RGB' extended on input line 1364.
Package xcolor Info: Model `HTML' substituted by `rgb' on input line 1366.
Package xcolor Info: Model `Hsb' substituted by `hsb' on input line 1367.
Package xcolor Info: Model `tHsb' substituted by `hsb' on input line 1368.
Package xcolor Info: Model `HSB' substituted by `hsb' on input line 1369.
Package xcolor Info: Model `Gray' substituted by `gray' on input line 1370.
Package xcolor Info: Model `wave' substituted by `hsb' on input line 1371.
) (tudcolours.cfg
File: tudcolours.cfg 2008/12/03
) (tudcolours.def
File: tudcolours.def 2008/12/03
)) (tudreprt_fonts.sty
Package: tudreprt_fonts 2009/00/18 1.11 Clemens von Loewenich's and Joe Werner'
s TUD-Design package
 (tudfonts.sty
Package: tudfonts 2009/09/18 1.12 Clemens von Loewenich's and Joe Werner's TUD-
Design package

("C:\Program Files\MiKTeX\tex\latex\base\fontenc.sty"
Package: fontenc 2017/04/05 v2.0i Standard LaTeX package

("C:\Program Files\MiKTeX\tex\latex\base\t1enc.def"
File: t1enc.def 2017/04/05 v2.0i Standard LaTeX file
LaTeX Font Info:    Redeclaring font encoding T1 on input line 48.
))
("C:\Program Files\MiKTeX\tex\latex\base\textcomp.sty"
Package: textcomp 2017/04/05 v2.0i Standard LaTeX package
Package textcomp Info: Sub-encoding information:
(textcomp)               5 = only ISO-Adobe without \textcurrency
(textcomp)               4 = 5 + \texteuro
(textcomp)               3 = 4 + \textohm
(textcomp)               2 = 3 + \textestimated + \textcurrency
(textcomp)               1 = TS1 - \textcircled - \t
(textcomp)               0 = TS1 (full)
(textcomp)             Font families with sub-encoding setting implement
(textcomp)             only a restricted character set as indicated.
(textcomp)             Family '?' is the default used for unknown fonts.
(textcomp)             See the documentation for details.
Package textcomp Info: Setting ? sub-encoding to TS1/1 on input line 79.
Package textcomp Info: Changing ? sub-encoding to TS1/4 on input line 80.

("C:\Program Files\MiKTeX\tex\latex\base\ts1enc.def"
File: ts1enc.def 2001/06/05 v3.0e (jk/car/fm) Standard LaTeX file
)
LaTeX Info: Redefining \oldstylenums on input line 334.
Package textcomp Info: Setting cmr sub-encoding to TS1/0 on input line 349.
Package textcomp Info: Setting cmss sub-encoding to TS1/0 on input line 350.
Package textcomp Info: Setting cmtt sub-encoding to TS1/0 on input line 351.
Package textcomp Info: Setting cmvtt sub-encoding to TS1/0 on input line 352.
Package textcomp Info: Setting cmbr sub-encoding to TS1/0 on input line 353.
Package textcomp Info: Setting cmtl sub-encoding to TS1/0 on input line 354.
Package textcomp Info: Setting ccr sub-encoding to TS1/0 on input line 355.
Package textcomp Info: Setting ptm sub-encoding to TS1/4 on input line 356.
Package textcomp Info: Setting pcr sub-encoding to TS1/4 on input line 357.
Package textcomp Info: Setting phv sub-encoding to TS1/4 on input line 358.
Package textcomp Info: Setting ppl sub-encoding to TS1/3 on input line 359.
Package textcomp Info: Setting pag sub-encoding to TS1/4 on input line 360.
Package textcomp Info: Setting pbk sub-encoding to TS1/4 on input line 361.
Package textcomp Info: Setting pnc sub-encoding to TS1/4 on input line 362.
Package textcomp Info: Setting pzc sub-encoding to TS1/4 on input line 363.
Package textcomp Info: Setting bch sub-encoding to TS1/4 on input line 364.
Package textcomp Info: Setting put sub-encoding to TS1/5 on input line 365.
Package textcomp Info: Setting uag sub-encoding to TS1/5 on input line 366.
Package textcomp Info: Setting ugq sub-encoding to TS1/5 on input line 367.
Package textcomp Info: Setting ul8 sub-encoding to TS1/4 on input line 368.
Package textcomp Info: Setting ul9 sub-encoding to TS1/4 on input line 369.
Package textcomp Info: Setting augie sub-encoding to TS1/5 on input line 370.
Package textcomp Info: Setting dayrom sub-encoding to TS1/3 on input line 371.
Package textcomp Info: Setting dayroms sub-encoding to TS1/3 on input line 372.

Package textcomp Info: Setting pxr sub-encoding to TS1/0 on input line 373.
Package textcomp Info: Setting pxss sub-encoding to TS1/0 on input line 374.
Package textcomp Info: Setting pxtt sub-encoding to TS1/0 on input line 375.
Package textcomp Info: Setting txr sub-encoding to TS1/0 on input line 376.
Package textcomp Info: Setting txss sub-encoding to TS1/0 on input line 377.
Package textcomp Info: Setting txtt sub-encoding to TS1/0 on input line 378.
Package textcomp Info: Setting lmr sub-encoding to TS1/0 on input line 379.
Package textcomp Info: Setting lmdh sub-encoding to TS1/0 on input line 380.
Package textcomp Info: Setting lmss sub-encoding to TS1/0 on input line 381.
Package textcomp Info: Setting lmssq sub-encoding to TS1/0 on input line 382.
Package textcomp Info: Setting lmvtt sub-encoding to TS1/0 on input line 383.
Package textcomp Info: Setting lmtt sub-encoding to TS1/0 on input line 384.
Package textcomp Info: Setting qhv sub-encoding to TS1/0 on input line 385.
Package textcomp Info: Setting qag sub-encoding to TS1/0 on input line 386.
Package textcomp Info: Setting qbk sub-encoding to TS1/0 on input line 387.
Package textcomp Info: Setting qcr sub-encoding to TS1/0 on input line 388.
Package textcomp Info: Setting qcs sub-encoding to TS1/0 on input line 389.
Package textcomp Info: Setting qpl sub-encoding to TS1/0 on input line 390.
Package textcomp Info: Setting qtm sub-encoding to TS1/0 on input line 391.
Package textcomp Info: Setting qzc sub-encoding to TS1/0 on input line 392.
Package textcomp Info: Setting qhvc sub-encoding to TS1/0 on input line 393.
Package textcomp Info: Setting futs sub-encoding to TS1/4 on input line 394.
Package textcomp Info: Setting futx sub-encoding to TS1/4 on input line 395.
Package textcomp Info: Setting futj sub-encoding to TS1/4 on input line 396.
Package textcomp Info: Setting hlh sub-encoding to TS1/3 on input line 397.
Package textcomp Info: Setting hls sub-encoding to TS1/3 on input line 398.
Package textcomp Info: Setting hlst sub-encoding to TS1/3 on input line 399.
Package textcomp Info: Setting hlct sub-encoding to TS1/5 on input line 400.
Package textcomp Info: Setting hlx sub-encoding to TS1/5 on input line 401.
Package textcomp Info: Setting hlce sub-encoding to TS1/5 on input line 402.
Package textcomp Info: Setting hlcn sub-encoding to TS1/5 on input line 403.
Package textcomp Info: Setting hlcw sub-encoding to TS1/5 on input line 404.
Package textcomp Info: Setting hlcf sub-encoding to TS1/5 on input line 405.
Package textcomp Info: Setting pplx sub-encoding to TS1/3 on input line 406.
Package textcomp Info: Setting pplj sub-encoding to TS1/3 on input line 407.
Package textcomp Info: Setting ptmx sub-encoding to TS1/4 on input line 408.
Package textcomp Info: Setting ptmj sub-encoding to TS1/4 on input line 409.
)
("C:\Program Files\MiKTeX\tex\latex\base\fix-cm.sty"
Package: fix-cm 2015/01/14 v1.1t fixes to LaTeX

("C:\Program Files\MiKTeX\tex\latex\base\ts1enc.def"
File: ts1enc.def 2001/06/05 v3.0e (jk/car/fm) Standard LaTeX file
LaTeX Font Info:    Redeclaring font encoding TS1 on input line 47.
))
(C:\Users\sTeve\AppData\Roaming\MiKTeX\2.9\tex\latex\mathdesign\mathdesign.sty
Package: mathdesign 2013/08/29 v2.31 Math Design Project

(C:\Users\sTeve\AppData\Roaming\MiKTeX\2.9\tex\latex\mathdesign\mdbch\mdbch.cfg
)
(C:\Users\sTeve\AppData\Roaming\MiKTeX\2.9\tex\latex\mathdesign\mdbch\mdbch.sty
Package: mdbch 2013/08/29 v2.31 bitstream bitstream charter + mdbch (Math Desig
n Project)
(C:\Users\sTeve\AppData\Roaming\MiKTeX\2.9\tex\latex\mathdesign\mdfont.def
File: mdfont.def 2013/08/29 v2.31 (Math Design Project)
)
(C:\Users\sTeve\AppData\Roaming\MiKTeX\2.9\tex\latex\mathdesign\mdsffont.def
File: mdsffont.def 2013/08/29 v2.31 (Math Design Project)
)
(C:\Users\sTeve\AppData\Roaming\MiKTeX\2.9\tex\latex\mathdesign\mdttfont.def
File: mdttfont.def 2013/08/29 v2.31 (Math Design Project)
)
\symmdcal=\mathgroup4
LaTeX Font Info:    Overwriting symbol font `mdcal' in version `bold'
(Font)                  OMS/mdbch/m/n --> OMS/mdbch/b/n on input line 97.
\symmdscr=\mathgroup5
LaTeX Font Info:    Overwriting symbol font `mdscr' in version `bold'
(Font)                  OMS/mdbch/m/n --> OMS/mdbch/b/n on input line 103.
LaTeX Font Info:    Overwriting math alphabet `\mathfrak' in version `bold'
(Font)                  U/xmdeuf/m/n --> U/xmdeuf/b/n on input line 110.
LaTeX Font Info:    Overwriting symbol font `operators' in version `normal'
(Font)                  OT1/cmr/m/n --> OT1/mdbch/m/n on input line 121.
LaTeX Font Info:    Overwriting symbol font `letters' in version `normal'
(Font)                  OML/cmm/m/it --> OML/mdbch/m/it on input line 122.
LaTeX Font Info:    Overwriting symbol font `symbols' in version `normal'
(Font)                  OMS/cmsy/m/n --> OMS/mdbch/m/n on input line 123.
LaTeX Font Info:    Overwriting symbol font `largesymbols' in version `normal'
(Font)                  OMX/cmex/m/n --> OMX/mdbch/m/n on input line 124.
LaTeX Font Info:    Overwriting symbol font `operators' in version `bold'
(Font)                  OT1/cmr/bx/n --> OT1/mdbch/b/n on input line 126.
LaTeX Font Info:    Overwriting symbol font `letters' in version `bold'
(Font)                  OML/cmm/b/it --> OML/mdbch/b/it on input line 127.
LaTeX Font Info:    Overwriting symbol font `symbols' in version `bold'
(Font)                  OMS/cmsy/b/n --> OMS/mdbch/b/n on input line 128.
LaTeX Font Info:    Overwriting symbol font `largesymbols' in version `bold'
(Font)                  OMX/cmex/m/n --> OMX/mdbch/b/n on input line 129.
LaTeX Font Info:    Overwriting math alphabet `\mathrm' in version `normal'
(Font)                  OT1/mdbch/m/n --> T1/mdbch/m/n on input line 131.
LaTeX Font Info:    Overwriting math alphabet `\mathbf' in version `normal'
(Font)                  OT1/cmr/bx/n --> T1/mdbch/b/n on input line 132.
LaTeX Font Info:    Overwriting math alphabet `\mathit' in version `normal'
(Font)                  OT1/cmr/m/it --> T1/mdbch/m/it on input line 133.
LaTeX Font Info:    Overwriting math alphabet `\mathsf' in version `normal'
(Font)                  OT1/cmss/m/n --> T1/cmss/m/n on input line 134.
LaTeX Font Info:    Overwriting math alphabet `\mathtt' in version `normal'
(Font)                  OT1/cmtt/m/n --> T1/cmtt/m/n on input line 135.
LaTeX Font Info:    Overwriting math alphabet `\mathrm' in version `bold'
(Font)                  OT1/mdbch/b/n --> T1/mdbch/b/n on input line 137.
LaTeX Font Info:    Overwriting math alphabet `\mathbf' in version `bold'
(Font)                  OT1/cmr/bx/n --> T1/mdbch/b/n on input line 138.
LaTeX Font Info:    Overwriting math alphabet `\mathit' in version `bold'
(Font)                  OT1/cmr/bx/it --> T1/mdbch/b/it on input line 139.
LaTeX Font Info:    Overwriting math alphabet `\mathsf' in version `bold'
(Font)                  OT1/cmss/bx/n --> T1/cmss/b/n on input line 140.
LaTeX Font Info:    Overwriting math alphabet `\mathtt' in version `bold'
(Font)                  OT1/cmtt/m/n --> T1/cmtt/b/n on input line 141.
\symlettersupright=\mathgroup6
LaTeX Font Info:    Overwriting symbol font `lettersupright' in version `bold'
(Font)                  OML/mdbch/m/n --> OML/mdbch/b/n on input line 144.
LaTeX Font Info:    Redeclaring math alphabet \mathrm on input line 145.
LaTeX Font Info:    Overwriting math alphabet `\mathcal' in version `normal'
(Font)                  OMS/mdbch/m/n --> OMS/mdbch/m/n on input line 167.
LaTeX Font Info:    Try loading font information for T1+mdbch on input line 186
.

(C:\Users\sTeve\AppData\Roaming\MiKTeX\2.9\tex\latex\mathdesign\mdbch\t1mdbch.f
d
File: t1mdbch.fd 2013/08/29 Fontinst v1.933 font definitions for T1/mdbch.
)
LaTeX Font Info:    Font shape `T1/mdbch/m/n' will be
(Font)              scaled to size 10.51207pt on input line 186.
LaTeX Font Info:    Redeclaring math accent \widetilde on input line 449.
LaTeX Font Info:    Redeclaring math accent \widehat on input line 450.
\symmathdesignA=\mathgroup7
LaTeX Font Info:    Overwriting symbol font `mathdesignA' in version `bold'
(Font)                  MDA/mdbch/m/n --> MDA/mdbch/b/n on input line 491.
\symmathdesignB=\mathgroup8
LaTeX Font Info:    Overwriting symbol font `mathdesignB' in version `bold'
(Font)                  MDB/mdbch/m/n --> MDB/mdbch/b/n on input line 498.
\@emptytoks=\toks16
LaTeX Font Info:    Redeclaring math accent \widetilde on input line 532.
LaTeX Font Info:    Redeclaring math accent \widehat on input line 533.
\rulethickness=\skip58
) ("C:\Program Files\MiKTeX\tex\latex\base\fontenc.sty"
Package: fontenc 2017/04/05 v2.0i Standard LaTeX package

("C:\Program Files\MiKTeX\tex\latex\base\t1enc.def"
File: t1enc.def 2017/04/05 v2.0i Standard LaTeX file
LaTeX Font Info:    Redeclaring font encoding T1 on input line 48.
)))
\symutopiasymbol=\mathgroup9
LaTeX Font Info:    Overwriting math alphabet `\mathmb' in version `normal'
(Font)                  T1/5ch/mb/n --> T1/5ch/mb/n on input line 34.
LaTeX Font Info:    Overwriting math alphabet `\mathmb' in version `bold'
(Font)                  T1/5ch/mb/n --> T1/5ch/mb/n on input line 35.
LaTeX Info: Redefining \em on input line 37.
\fontheight=\skip59
\fontdepth=\skip60
\fontstrutbox=\box28
LaTeX Info: Redefining \LaTeX on input line 108.
)
LaTeX Font Info:    Font shape `T1/mdbch/m/n' will be
(Font)              scaled to size 9.12006pt on input line 239.
)
\TUD@headfootsep=\skip61
 (tudpage.sty
Package: tudpage 2009/08/11 1.10 Clemens von Loewenich's and Joe Werner's TUD-D
esign package

(tudpaper.sty
Package: tudpaper 2009/01/28 1.9 Clemens von Loewenich's and Joe Werner's TUD-D
esign package
 ("C:\Program Files\MiKTeX\tex\latex\graphics\graphicx.sty"
Package: graphicx 2014/10/28 v1.0g Enhanced LaTeX Graphics (DPC,SPQR)

("C:\Program Files\MiKTeX\tex\latex\graphics\graphics.sty"
Package: graphics 2017/04/14 v1.1b Standard LaTeX Graphics (DPC,SPQR)

("C:\Program Files\MiKTeX\tex\latex\graphics\trig.sty"
Package: trig 2016/01/03 v1.10 sin cos tan (DPC)
)
("C:\Program Files\MiKTeX\tex\latex\graphics-cfg\graphics.cfg"
File: graphics.cfg 2016/06/04 v1.11 sample graphics configuration
)
Package graphics Info: Driver file: pdftex.def on input line 99.
)
\Gin@req@height=\dimen105
\Gin@req@width=\dimen106
)
(C:\Users\sTeve\AppData\Roaming\MiKTeX\2.9\tex\latex\eso-pic\eso-pic.sty
Package: eso-pic 2015/07/21 v2.0g eso-pic (RN)

("C:\Program Files\MiKTeX\tex\generic\oberdiek\atbegshi.sty"
Package: atbegshi 2016/06/09 v1.18 At begin shipout hook (HO)

("C:\Program Files\MiKTeX\tex\generic\oberdiek\ifpdf.sty"
Package: ifpdf 2017/03/15 v3.2 Provides the ifpdf switch
)))
\TUD@logo@height=\skip62
\TUD@logo@leftskip=\skip63
\TUD@sep@top=\skip64
\TUD@sep@left=\skip65
\TUD@sep@right=\skip66
\TUD@sep@bottom=\skip67
\TUD@titlepos=\skip68
\TUD@titlebox@sep@left=\skip69
\TUD@titlebox@sep@right=\skip70
\TUD@titlebox@sep@bottom=\skip71
\TUD@subtitlebox@sep=\skip72
\TUD@textwidth=\skip73
\TUD@cols@width=\skip74
\TUD@cols@sep=\skip75
\c@TUD@cols@n=\count93
 (tudrules.sty
Package: tudrules 2008/10/09 1.6 Clemens von Loewenich's and Joe Werner's TUD-D
esign package
\TUD@indentbar@height=\skip76
\TUD@indentbar@depth=\skip77
\TUD@indentbar@totalheight=\skip78
\@TUD@indentbar@width=\skip79
\@TUD@largeruleheight=\skip80
\@TUD@smallruleheight=\skip81
\@TUD@rulesep=\skip82
\@TUD@ruleheight=\skip83
)
\TUD@indentbarheight=\skip84

("C:\Program Files\MiKTeX\tex\latex\geometry\geometry.sty"
Package: geometry 2010/09/12 v5.6 Page Geometry

("C:\Program Files\MiKTeX\tex\generic\oberdiek\ifvtex.sty"
Package: ifvtex 2016/05/16 v1.6 Detect VTeX and its facilities (HO)
Package ifvtex Info: VTeX not detected.
)
("C:\Program Files\MiKTeX\tex\generic\ifxetex\ifxetex.sty"
Package: ifxetex 2010/09/12 v0.6 Provides ifxetex conditional
)
\Gm@cnth=\count94
\Gm@cntv=\count95
\c@Gm@tempcnt=\count96
\Gm@bindingoffset=\dimen107
\Gm@wd@mp=\dimen108
\Gm@odd@mp=\dimen109
\Gm@even@mp=\dimen110
\Gm@layoutwidth=\dimen111
\Gm@layoutheight=\dimen112
\Gm@layouthoffset=\dimen113
\Gm@layoutvoffset=\dimen114
\Gm@dimlist=\toks17

("C:\Program Files\MiKTeX\tex\latex\geometry\geometry.cfg")))
\TUD@footparindent=\skip85


Class scrartcl Warning: Usage of package `fancyhdr' together
(scrartcl)              with a KOMA-Script class is not recommended.
(scrartcl)              I'd suggest to use 
(scrartcl)              package `scrlayer-scrpage'.
(scrartcl)              Nevertheless, using requested
(scrartcl)              package `fancyhdr' on input line 47.

(C:\Users\sTeve\AppData\Roaming\MiKTeX\2.9\tex\latex\fancyhdr\fancyhdr.sty
Package: fancyhdr 2016/09/06 3.8 Extensive control of page headers and footers
\fancy@headwidth=\skip86
\f@ncyO@elh=\skip87
\f@ncyO@erh=\skip88
\f@ncyO@olh=\skip89
\f@ncyO@orh=\skip90
\f@ncyO@elf=\skip91
\f@ncyO@erf=\skip92
\f@ncyO@olf=\skip93
\f@ncyO@orf=\skip94
))
(tudheading.sty
Package: tudheading 2009/12/31 1.17 Clemens von Loewenich's and Joe Werner's TU
D-Design package


Class scrartcl Warning: Usage of package `titlesec' together
(scrartcl)              with a KOMA-Script class is not recommended.
(scrartcl)              I'd suggest to use the package only
(scrartcl)              if you really need it, because it breaks several
(scrartcl)              KOMA-Script features, i.e., option `headings' and
(scrartcl)              the extended optional argument of the section
(scrartcl)              commands.
(scrartcl)              Nevertheless, using requested
(scrartcl)              package `titlesec' on input line 12.

(C:\Users\sTeve\AppData\Roaming\MiKTeX\2.9\tex\latex\titlesec\titlesec.sty
Package: titlesec 2016/03/21 v2.10.2 Sectioning titles
\ttl@box=\box29
\beforetitleunit=\skip95
\aftertitleunit=\skip96
\ttl@plus=\dimen115
\ttl@minus=\dimen116
\ttl@toksa=\toks18
\titlewidth=\dimen117
\titlewidthlast=\dimen118
\titlewidthfirst=\dimen119


Package titlesec Warning: Non standard sectioning command detected
(titlesec)                Using default spacing and no format.


Package titlesec Warning: Non standard sectioning command detected
(titlesec)                Using default spacing and no format.


Package titlesec Warning: Non standard sectioning command detected
(titlesec)                Using default spacing and no format.


Package titlesec Warning: Non standard sectioning command detected
(titlesec)                Using default spacing and no format.


Package titlesec Warning: Non standard sectioning command detected
(titlesec)                Using default spacing and no format.

)

Package scrartcl Warning: Activating an ugly workaround for a missing
(scrartcl)                feature of package `titlesec` on input line 12.

\c@seclinedepth=\count97
\TUD@chapter@diff@height=\skip97
LaTeX Font Info:    Font shape `T1/mdbch/m/n' will be
(Font)              scaled to size 9.60007pt on input line 75.
\@TUD@above@headskip=\skip98
\@TUD@below@headskip=\skip99
(tudheading.def
File: tudheading.def 2009/07/14
\TUD@part@tmp@height=\skip100
\TUD@part@tmp@depth=\skip101
\@TUD@partbox=\box30
)
\TUD@parind=\skip102
\TUD@chapind=\skip103
\TUD@secind=\skip104
\TUD@subsecind=\skip105
\TUD@subsubsecind=\skip106

(C:\Users\sTeve\AppData\Roaming\MiKTeX\2.9\tex\latex\titlesec\block.tss
File: block.tss 2016/03/15
))
(tudredef.sty
Package: tudredef 2010/04/10 1.2 Clemens von Loewenich's and Joe Werner's TUD-D
esign package
\TUD@abstract@count=\count98
) (tudreprt_title.sty
Package: tudreprt_title 2009/09/18 1.11 Clemens von Loewenich's and Joe Werner'
s TUD-Design package
\TUD@sponsorlogo=\box31
\TUD@titleskip=\skip107
)) (tudthess_title.sty
Package: tudthess_title 2010/03/22 0.99 Joe Werner's TUD-Design-Manual package
))
("C:\Program Files\MiKTeX\tex\generic\babel\babel.sty"
Package: babel 2016/04/23 3.9r The Babel package

*************************************
* Local config file bblopts.cfg used
*
(C:\Users\sTeve\AppData\Roaming\MiKTeX\2.9\tex\latex\arabi\bblopts.cfg
File: bblopts.cfg 2005/09/08 v0.1 add Arabic and Farsi to "declared" options of
 babel
)
("C:\Program Files\MiKTeX\tex\latex\babel-german\ngerman.ldf"
Language: ngerman 2016/11/02 v2.9 German support for babel (new orthography)

("C:\Program Files\MiKTeX\tex\latex\babel-german\ngermanb.ldf"
Language: ngermanb 2016/11/02 v2.9 German support for babel (new orthography)

("C:\Program Files\MiKTeX\tex\generic\babel\babel.def"
File: babel.def 2016/04/23 3.9r Babel common definitions
\babel@savecnt=\count99
\U@D=\dimen120
)
Package babel Info: Making " an active character on input line 125.
))
("C:\Program Files\MiKTeX\tex\latex\babel-english\english.ldf"
Language: english 2017/01/24 v3.3q English support from the babel system
\l@canadian = a dialect from \language\l@american 
\l@australian = a dialect from \language\l@british 
\l@newzealand = a dialect from \language\l@british 
))
(C:\Users\sTeve\AppData\Roaming\MiKTeX\2.9\tex\latex\arial\uarial.sty
Package: uarial 2006/03/21 1.0 (WaS)
)
("C:\Program Files\MiKTeX\tex\latex\amsmath\amsmath.sty"
Package: amsmath 2016/11/05 v2.16a AMS math features
\@mathmargin=\skip108

For additional information on amsmath, use the `?' option.
("C:\Program Files\MiKTeX\tex\latex\amsmath\amstext.sty"
Package: amstext 2000/06/29 v2.01 AMS text

("C:\Program Files\MiKTeX\tex\latex\amsmath\amsgen.sty"
File: amsgen.sty 1999/11/30 v2.0 generic functions
\@emptytoks=\toks19
\ex@=\dimen121
))
("C:\Program Files\MiKTeX\tex\latex\amsmath\amsbsy.sty"
Package: amsbsy 1999/11/29 v1.2d Bold Symbols
\pmbraise@=\dimen122
)
("C:\Program Files\MiKTeX\tex\latex\amsmath\amsopn.sty"
Package: amsopn 2016/03/08 v2.02 operator names
)
\inf@bad=\count100
LaTeX Info: Redefining \frac on input line 213.
\uproot@=\count101
\leftroot@=\count102
LaTeX Info: Redefining \overline on input line 375.
\classnum@=\count103
\DOTSCASE@=\count104
LaTeX Info: Redefining \ldots on input line 472.
LaTeX Info: Redefining \dots on input line 475.
LaTeX Info: Redefining \cdots on input line 596.
\Mathstrutbox@=\box32
\strutbox@=\box33
\big@size=\dimen123
LaTeX Font Info:    Redeclaring font encoding OML on input line 712.
LaTeX Font Info:    Redeclaring font encoding OMS on input line 713.
\macc@depth=\count105
\c@MaxMatrixCols=\count106
\dotsspace@=\muskip10
\c@parentequation=\count107
\dspbrk@lvl=\count108
\tag@help=\toks20
\row@=\count109
\column@=\count110
\maxfields@=\count111
\andhelp@=\toks21
\eqnshift@=\dimen124
\alignsep@=\dimen125
\tagshift@=\dimen126
\tagwidth@=\dimen127
\totwidth@=\dimen128
\lineht@=\dimen129
\@envbody=\toks22
\multlinegap=\skip109
\multlinetaggap=\skip110
\mathdisplay@stack=\toks23
LaTeX Info: Redefining \[ on input line 2817.
LaTeX Info: Redefining \] on input line 2818.
) (enumitem.sty
Package: enumitem 2011/09/28 v3.5.2 Customized lists
\enitkv@toks@=\toks24
\labelindent=\skip111
\enit@outerparindent=\dimen130
\enit@toks=\toks25
\enit@inbox=\box34
\enitdp@description=\count112
)

LaTeX Warning: Unused global option(s):
    [article,colorback,accentcolor=tud4b].

(TUDthesis.aux)
\openout1 = `TUDthesis.aux'.

LaTeX Font Info:    Checking defaults for OML/cmm/m/it on input line 17.
LaTeX Font Info:    ... okay on input line 17.
LaTeX Font Info:    Checking defaults for T1/cmr/m/n on input line 17.
LaTeX Font Info:    ... okay on input line 17.
LaTeX Font Info:    Checking defaults for OT1/cmr/m/n on input line 17.
LaTeX Font Info:    ... okay on input line 17.
LaTeX Font Info:    Checking defaults for OMS/cmsy/m/n on input line 17.
LaTeX Font Info:    ... okay on input line 17.
LaTeX Font Info:    Checking defaults for OMX/cmex/m/n on input line 17.
LaTeX Font Info:    ... okay on input line 17.
LaTeX Font Info:    Checking defaults for U/cmr/m/n on input line 17.
LaTeX Font Info:    ... okay on input line 17.
LaTeX Font Info:    Checking defaults for TS1/cmr/m/n on input line 17.
LaTeX Font Info:    ... okay on input line 17.
LaTeX Font Info:    Checking defaults for MDA/cmr/m/n on input line 17.
LaTeX Font Info:    Try loading font information for MDA+cmr on input line 17.

(C:\Users\sTeve\AppData\Roaming\MiKTeX\2.9\tex\latex\mathdesign\mdacmr.fd
File: mdacmr.fd 
)
LaTeX Font Info:    ... okay on input line 17.
LaTeX Font Info:    Checking defaults for MDB/cmr/m/n on input line 17.
LaTeX Font Info:    Try loading font information for MDB+cmr on input line 17.

(C:\Users\sTeve\AppData\Roaming\MiKTeX\2.9\tex\latex\mathdesign\mdbcmr.fd
File: mdbcmr.fd 
)
LaTeX Font Info:    ... okay on input line 17.
LaTeX Font Info:    Try loading font information for T1+5ch on input line 17.
LaTeX Font Info:    No file T15ch.fd. on input line 17.


LaTeX Font Warning: Font shape `T1/5ch/m/n' undefined
(Font)              using `T1/cmr/m/n' instead on input line 17.

(C:\Users\sTeve\AppData\Roaming\MiKTeX\2.9\tex\context\base\supp-pdf.mkii
[Loading MPS to PDF converter (version 2006.09.02).]
\scratchcounter=\count113
\scratchdimen=\dimen131
\scratchbox=\box35
\nofMPsegments=\count114
\nofMParguments=\count115
\everyMPshowfont=\toks26
\MPscratchCnt=\count116
\MPscratchDim=\dimen132
\MPnumerator=\count117
\makeMPintoPDFobject=\count118
\everyMPtoPDFconversion=\toks27
) ("C:\Program Files\MiKTeX\tex\generic\oberdiek\pdftexcmds.sty"
Package: pdftexcmds 2017/03/19 v0.25 Utility functions of pdfTeX for LuaTeX (HO
)

("C:\Program Files\MiKTeX\tex\generic\oberdiek\ifluatex.sty"
Package: ifluatex 2016/05/16 v1.4 Provides the ifluatex switch (HO)
Package ifluatex Info: LuaTeX not detected.
)
Package pdftexcmds Info: LuaTeX not detected.
Package pdftexcmds Info: \pdf@primitive is available.
Package pdftexcmds Info: \pdf@ifprimitive is available.
Package pdftexcmds Info: \pdfdraftmode found.
)
("C:\Program Files\MiKTeX\tex\latex\oberdiek\epstopdf-base.sty"
Package: epstopdf-base 2016/05/15 v2.6 Base part for package epstopdf

("C:\Program Files\MiKTeX\tex\latex\oberdiek\grfext.sty"
Package: grfext 2016/05/16 v1.2 Manage graphics extensions (HO)

("C:\Program Files\MiKTeX\tex\generic\oberdiek\kvdefinekeys.sty"
Package: kvdefinekeys 2016/05/16 v1.4 Define keys (HO)
))
("C:\Program Files\MiKTeX\tex\latex\oberdiek\kvoptions.sty"
Package: kvoptions 2016/05/16 v3.12 Key value format for package options (HO)

("C:\Program Files\MiKTeX\tex\generic\oberdiek\kvsetkeys.sty"
Package: kvsetkeys 2016/05/16 v1.17 Key value parser (HO)

("C:\Program Files\MiKTeX\tex\generic\oberdiek\etexcmds.sty"
Package: etexcmds 2016/05/16 v1.6 Avoid name clashes with e-TeX commands (HO)
Package etexcmds Info: Could not find \expanded.
(etexcmds)             That can mean that you are not using pdfTeX 1.50 or
(etexcmds)             that some package has redefined \expanded.
(etexcmds)             In the latter case, load this package earlier.
)))
Package epstopdf-base Info: Redefining graphics rule for `.eps' on input line 4
38.
Package grfext Info: Graphics extension search list:
(grfext)             [.png,.pdf,.jpg,.mps,.jpeg,.jbig2,.jb2,.PNG,.PDF,.JPG,.JPE
G,.JBIG2,.JB2,.eps]
(grfext)             \AppendGraphicsExtensions on input line 456.
)
\AtBeginShipoutBox=\box36

*geometry* detected driver: dvips
*geometry* verbose mode - [ preamble ] result:
* driver: dvips
* paper: a4paper
* layout: <same size as paper>
* layoutoffset:(h,v)=(0.0pt,0.0pt)
* modes: includehead includefoot includemp 
* h-part:(L,W,R)=(56.9055pt, 497.92325pt, 42.67912pt)
* v-part:(T,H,B)=(42.67912pt, 745.46222pt, 56.9055pt)
* \paperwidth=597.50787pt
* \paperheight=845.04684pt
* \textwidth=497.92325pt
* \textheight=704.89777pt
* \oddsidemargin=-15.36449pt
* \evensidemargin=-15.36449pt
* \topmargin=-29.59087pt
* \headheight=16.56445pt
* \headsep=12.0pt
* \topskip=11.0pt
* \footskip=12.0pt
* \marginparwidth=0.0pt
* \marginparsep=0.0pt
* \columnsep=11.95013pt
* \skip\footins=10.0pt plus 4.0pt minus 2.0pt
* \hoffset=0.0pt
* \voffset=0.0pt
* \mag=1000
* \@twocolumnfalse
* \@twosidefalse
* \@mparswitchfalse
* \@reversemarginfalse
* (1in=72.27pt=25.4mm, 1cm=28.453pt)

\TUD@part@topskip=\skip112

Package  Warning: Command `\dateofexam ' ignored!
()                See documentation for details. on input line 25.

\@TUD@tmp@baselineskip=\skip113
\TUD@titleboxheight=\skip114
\TUD@titleboxdepth=\skip115
\TUD@subtitleboxheight=\skip116
\TUD@subtitleboxdepth=\skip117
\TUD@logoboxheight=\skip118
\TUD@logoboxwidth=\skip119
\TUD@colorbackheight=\skip120
\TUD@colorbacktitleheight=\skip121
\TUD@instboxheight=\skip122
\TUD@instboxdepth=\skip123
\TUD@instboxwidth=\skip124
\TUD@instlogoheight=\skip125
\TUD@instlogowidth=\skip126
\TUD@sponsorheight=\skip127
\TUD@titlebox=\box37
\TUD@subtitlebox=\box38
\TUD@logobox=\box39
\TUD@instbox=\box40
\TUD@sponsorbox=\box41
\TUD@tmp@height=\skip128
\TUD@tmp@depth=\skip129
LaTeX Font Info:    Try loading font information for T1+ua1 on input line 27.
(C:\Users\sTeve\AppData\Roaming\MiKTeX\2.9\tex\latex\arial\t1ua1.fd
File: t1ua1.fd 2006/03/21 Fontinst v1.928 font definitions for T1/ua1.
)

LaTeX Font Warning: Font shape `T1/ua1/mb/n' undefined
(Font)              using `T1/ua1/m/n' instead on input line 27.

LaTeX Font Info:    Font shape `T1/ua1/m/n' will be
(Font)              scaled to size 34.19989pt on input line 27.
LaTeX Font Info:    Font shape `T1/ua1/mb/n' will be
(Font)              scaled to size 34.19989pt on input line 27.
LaTeX Font Info:    Try loading font information for OT1+mdbch on input line 27
.

(C:\Users\sTeve\AppData\Roaming\MiKTeX\2.9\tex\latex\mathdesign\mdbch\ot1mdbch.
fd
File: ot1mdbch.fd 2013/08/29 Fontinst v1.933 font definitions for OT1/mdbch.
)
LaTeX Font Info:    Font shape `OT1/mdbch/m/n' will be
(Font)              scaled to size 9.50406pt on input line 27.
LaTeX Font Info:    Font shape `OT1/mdbch/m/n' will be
(Font)              scaled to size 6.62404pt on input line 27.
LaTeX Font Info:    Font shape `OT1/mdbch/m/n' will be
(Font)              scaled to size 5.66403pt on input line 27.
LaTeX Font Info:    Try loading font information for OML+mdbch on input line 27
.

(C:\Users\sTeve\AppData\Roaming\MiKTeX\2.9\tex\latex\mathdesign\mdbch\omlmdbch.
fd
File: omlmdbch.fd 2013/08/29 Fontinst v1.933 font definitions for OML/mdbch.
)
LaTeX Font Info:    Font shape `OML/mdbch/m/it' will be
(Font)              scaled to size 9.50406pt on input line 27.
LaTeX Font Info:    Font shape `OML/mdbch/m/it' will be
(Font)              scaled to size 6.62404pt on input line 27.
LaTeX Font Info:    Font shape `OML/mdbch/m/it' will be
(Font)              scaled to size 5.66403pt on input line 27.
LaTeX Font Info:    Try loading font information for OMS+mdbch on input line 27
.

(C:\Users\sTeve\AppData\Roaming\MiKTeX\2.9\tex\latex\mathdesign\mdbch\omsmdbch.
fd
File: omsmdbch.fd 2013/08/29 Fontinst v1.933 font definitions for OMS/mdbch.
)
LaTeX Font Info:    Font shape `OMS/mdbch/m/n' will be
(Font)              scaled to size 9.50406pt on input line 27.
LaTeX Font Info:    Font shape `OMS/mdbch/m/n' will be
(Font)              scaled to size 6.62404pt on input line 27.
LaTeX Font Info:    Font shape `OMS/mdbch/m/n' will be
(Font)              scaled to size 5.66403pt on input line 27.
LaTeX Font Info:    Try loading font information for OMX+mdbch on input line 27
.

(C:\Users\sTeve\AppData\Roaming\MiKTeX\2.9\tex\latex\mathdesign\mdbch\omxmdbch.
fd
File: omxmdbch.fd 2013/08/29 Fontinst v1.933 font definitions for OMX/mdbch.
)
LaTeX Font Info:    Font shape `OMX/mdbch/m/n' will be
(Font)              scaled to size 9.50406pt on input line 27.
LaTeX Font Info:    Font shape `OMX/mdbch/m/n' will be
(Font)              scaled to size 6.62404pt on input line 27.
LaTeX Font Info:    Font shape `OMX/mdbch/m/n' will be
(Font)              scaled to size 5.66403pt on input line 27.
LaTeX Font Info:    Font shape `OML/mdbch/m/n' will be
(Font)              scaled to size 9.50406pt on input line 27.
LaTeX Font Info:    Font shape `OML/mdbch/m/n' will be
(Font)              scaled to size 6.62404pt on input line 27.
LaTeX Font Info:    Font shape `OML/mdbch/m/n' will be
(Font)              scaled to size 5.66403pt on input line 27.
LaTeX Font Info:    Try loading font information for MDA+mdbch on input line 27
.

(C:\Users\sTeve\AppData\Roaming\MiKTeX\2.9\tex\latex\mathdesign\mdbch\mdamdbch.
fd
File: mdamdbch.fd 2013/08/29 Fontinst v1.933 font definitions for MDA/mdbch.
)
LaTeX Font Info:    Font shape `MDA/mdbch/m/n' will be
(Font)              scaled to size 9.50406pt on input line 27.
LaTeX Font Info:    Font shape `MDA/mdbch/m/n' will be
(Font)              scaled to size 6.62404pt on input line 27.
LaTeX Font Info:    Font shape `MDA/mdbch/m/n' will be
(Font)              scaled to size 5.66403pt on input line 27.
LaTeX Font Info:    Try loading font information for MDB+mdbch on input line 27
.

(C:\Users\sTeve\AppData\Roaming\MiKTeX\2.9\tex\latex\mathdesign\mdbch\mdbmdbch.
fd
File: mdbmdbch.fd 2013/08/29 Fontinst v1.933 font definitions for MDB/mdbch.
)
LaTeX Font Info:    Font shape `MDB/mdbch/m/n' will be
(Font)              scaled to size 9.50406pt on input line 27.
LaTeX Font Info:    Font shape `MDB/mdbch/m/n' will be
(Font)              scaled to size 6.62404pt on input line 27.
LaTeX Font Info:    Font shape `MDB/mdbch/m/n' will be
(Font)              scaled to size 5.66403pt on input line 27.
LaTeX Font Info:    Try loading font information for OML+mdput on input line 27
.

(C:\Users\sTeve\AppData\Roaming\MiKTeX\2.9\tex\latex\mathdesign\mdput\omlmdput.
fd
File: omlmdput.fd 2013/08/29 Fontinst v1.933 font definitions for OML/mdput.
)
LaTeX Font Info:    Font shape `OML/mdput/m/it' will be
(Font)              scaled to size 9.30602pt on input line 27.
LaTeX Font Info:    Font shape `OML/mdput/m/it' will be
(Font)              scaled to size 6.48601pt on input line 27.
LaTeX Font Info:    Font shape `OML/mdput/m/it' will be
(Font)              scaled to size 5.546pt on input line 27.
LaTeX Font Info:    Font shape `T1/ua1/mb/n' will be
(Font)              scaled to size 9.49997pt on input line 27.
\@TUD@titlelines=\count119
LaTeX Font Info:    Font shape `T1/ua1/m/n' will be
(Font)              scaled to size 10.92496pt on input line 27.
 <tud_logo.pdf, id=1, 157.58875pt x 63.23625pt>
File: tud_logo.pdf Graphic file (type pdf)
 <use tud_logo.pdf>
Package pdftex.def Info: tud_logo.pdf used on input line 27.
(pdftex.def)             Requested size: 134.92238pt x 62.59605pt.
File: tud_logo.pdf Graphic file (type pdf)

<use tud_logo.pdf>
Package pdftex.def Info: tud_logo.pdf used on input line 27.
(pdftex.def)             Requested size: 134.92238pt x 62.59605pt.
LaTeX Font Info:    Font shape `T1/ua1/m/n' will be
(Font)              scaled to size 6.64998pt on input line 27.
\@TUD@logolines=\count120
 [-1
Non-PDF special ignored!


Non-PDF special ignored!{C:/Users/sTeve/AppData/Local/MiKTeX/2.9/pdftex/config/
pdftex.map} <./tud_logo.pdf>]
Underfull \hbox (badness 10000) in paragraph at lines 27--27

 []

LaTeX Font Info:    Try loading font information for T1+5sf on input line 27.
LaTeX Font Info:    No file T15sf.fd. on input line 27.

LaTeX Font Warning: Font shape `T1/5sf/m/n' undefined
(Font)              using `T1/cmr/m/n' instead on input line 27.

<by-nc-nd.pdf, id=13, 121.45375pt x 43.16125pt>
File: by-nc-nd.pdf Graphic file (type pdf)
 <use by-nc-nd.pdf>
Package pdftex.def Info: by-nc-nd.pdf used on input line 27.
(pdftex.def)             Requested size: 121.45343pt x 43.16113pt.
 [0

 <./by-nc-nd.pdf>]
LaTeX Font Info:    Font shape `T1/ua1/mb/n' will be
(Font)              scaled to size 18.99994pt on input line 28.
 [1




] (TUDthesis.toc)
\tf@toc=\write3
\openout3 = `TUDthesis.toc'.

LaTeX Font Info:    Font shape `T1/ua1/m/n' will be
(Font)              scaled to size 9.49997pt on input line 33.
 [0

]

LaTeX Font Warning: Font shape `T1/5ch/b/n' undefined
(Font)              using `T1/5ch/m/n' instead on input line 37.


LaTeX Warning: Citation `4086425' on page 1 undefined on input line 37.


Underfull \hbox (badness 10000) in paragraph at lines 37--38

 []


Underfull \hbox (badness 10000) in paragraph at lines 39--40

 []


LaTeX Warning: Citation `fcn_arc' on page 1 undefined on input line 41.

<fcn_arc.jpg, id=29, 574.39594pt x 329.73187pt>
File: fcn_arc.jpg Graphic file (type jpg)
 <use fcn_arc.jpg>
Package pdftex.def Info: fcn_arc.jpg used on input line 45.
(pdftex.def)             Requested size: 455.24408pt x 261.34062pt.
LaTeX Font Info:    Font shape `T1/ua1/m/n' will be
(Font)              scaled to size 9.02496pt on input line 46.
LaTeX Font Info:    Font shape `T1/ua1/mb/n' will be
(Font)              scaled to size 9.02496pt on input line 46.

Underfull \hbox (badness 10000) in paragraph at lines 49--50

 []


LaTeX Warning: Citation `1432642' on page 1 undefined on input line 52.


Underfull \hbox (badness 10000) in paragraph at lines 51--53

 []

[1 <./fcn_arc.jpg>] <vne.jpg, id=33, 389.20406pt x 286.06876pt>
File: vne.jpg Graphic file (type jpg)
 <use vne.jpg>
Package pdftex.def Info: vne.jpg used on input line 57.
(pdftex.def)             Requested size: 398.3488pt x 256.07578pt.

Underfull \hbox (badness 10000) in paragraph at lines 62--63

 []


Underfull \hbox (badness 10000) in paragraph at lines 64--65

 []

[2 <./vne.jpg>]
Underfull \hbox (badness 10000) in paragraph at lines 66--67

 []


Underfull \hbox (badness 10000) in paragraph at lines 69--70

 []


LaTeX Font Warning: Font shape `T1/5ch/m/it' undefined
(Font)              using `T1/5ch/m/n' instead on input line 71.


Underfull \hbox (badness 10000) in paragraph at lines 71--72

 []


Underfull \hbox (badness 10000) in paragraph at lines 73--74

 []


Underfull \hbox (badness 10000) in paragraph at lines 87--88

 []


Underfull \hbox (badness 10000) in paragraph at lines 89--90

 []


Underfull \hbox (badness 10000) in paragraph at lines 91--92

 []


Underfull \hbox (badness 10000) in paragraph at lines 93--94

 []

[3]
Underfull \hbox (badness 10000) in paragraph at lines 102--103

 []


Underfull \hbox (badness 10000) in paragraph at lines 104--105

 []


Underfull \hbox (badness 10000) in paragraph at lines 106--107

 []


Underfull \hbox (badness 10000) in paragraph at lines 108--109

 []


Underfull \hbox (badness 10000) in paragraph at lines 113--114

 []

[4] <VN.jpg, id=44, 395.22656pt x 283.0575pt>
File: VN.jpg Graphic file (type jpg)
 <use VN.jpg>
Package pdftex.def Info: VN.jpg used on input line 120.
(pdftex.def)             Requested size: 398.34343pt x 227.62973pt.

Underfull \hbox (badness 10000) in paragraph at lines 125--126

 []


Underfull \hbox (badness 10000) in paragraph at lines 127--128

 []


Underfull \hbox (badness 10000) in paragraph at lines 129--130

 []

[5 <./VN.jpg>]
Underfull \hbox (badness 10000) in paragraph at lines 133--134

 []


Underfull \hbox (badness 10000) in paragraph at lines 135--136

 []


Underfull \hbox (badness 10000) in paragraph at lines 137--138

 []


Underfull \hbox (badness 10000) in paragraph at lines 139--140

 []


Underfull \hbox (badness 10000) in paragraph at lines 147--148

 []


Underfull \hbox (badness 10000) in paragraph at lines 149--150

 []

[6]
Underfull \hbox (badness 10000) in paragraph at lines 151--152

 []

<coord_map.jpg, id=51, 383.93437pt x 259.7203pt>
File: coord_map.jpg Graphic file (type jpg)
 <use coord_map.jpg>
Package pdftex.def Info: coord_map.jpg used on input line 155.
(pdftex.def)             Requested size: 398.36256pt x 227.6193pt.

Underfull \hbox (badness 10000) in paragraph at lines 161--163

 []


Underfull \hbox (badness 10000) in paragraph at lines 164--165

 []


Underfull \hbox (badness 10000) in paragraph at lines 170--172

 []

[7 <./coord_map.jpg>]
Underfull \hbox (badness 10000) in paragraph at lines 179--182

 []


Underfull \hbox (badness 10000) in paragraph at lines 185--187

 []


Underfull \hbox (badness 10000) in paragraph at lines 191--194

 []


Underfull \hbox (badness 10000) in paragraph at lines 195--196

 []

[8]
Underfull \hbox (badness 10000) in paragraph at lines 199--200

 []


Underfull \hbox (badness 10000) in paragraph at lines 201--202

 []


Underfull \hbox (badness 10000) in paragraph at lines 203--204

 []


Underfull \hbox (badness 10000) in paragraph at lines 205--206

 []

<vn_splitting.jpg, id=64, 317.68687pt x 286.06876pt>
File: vn_splitting.jpg Graphic file (type jpg)
 <use vn_splitting.jpg>
Package pdftex.def Info: vn_splitting.jpg used on input line 209.
(pdftex.def)             Requested size: 284.55338pt x 170.71718pt.

Underfull \hbox (badness 10000) in paragraph at lines 215--216

 []

[9 <./vn_splitting.jpg>] <vn_embedding.jpg, id=69, 234.1247pt x 274.77657pt>
File: vn_embedding.jpg Graphic file (type jpg)

<use vn_embedding.jpg>
Package pdftex.def Info: vn_embedding.jpg used on input line 221.
(pdftex.def)             Requested size: 170.72383pt x 170.72028pt.


LaTeX Warning: Reference `fig: Network Orchestration ' on page 10 undefined on 
input line 234.


Underfull \hbox (badness 10000) in paragraph at lines 234--236

 []

<sdn_orc.jpg, id=70, 411.78844pt x 121.95563pt>
File: sdn_orc.jpg Graphic file (type jpg)
 <use sdn_orc.jpg>
Package pdftex.def Info: sdn_orc.jpg used on input line 239.
(pdftex.def)             Requested size: 398.34097pt x 113.81204pt.
 [10 <./vn_embedding.jpg>]
LaTeX Font Info:    Try loading font information for TS1+5ch on input line 253.

LaTeX Font Info:    No file TS15ch.fd. on input line 253.


LaTeX Font Warning: Font shape `TS1/5ch/m/n' undefined
(Font)              using `TS1/cmr/m/n' instead
(Font)              for symbol `textbullet' on input line 253.

[11 <./sdn_orc.jpg>]
Underfull \hbox (badness 10000) in paragraph at lines 310--311

 []

[12]
Underfull \hbox (badness 10000) in paragraph at lines 393--395

 []


Underfull \hbox (badness 10000) in paragraph at lines 404--405

 []


Underfull \hbox (badness 10000) in paragraph at lines 408--411

 []


Underfull \hbox (badness 10000) in paragraph at lines 418--419

 []

[13]
Underfull \hbox (badness 10000) in paragraph at lines 420--421

 []

[14] <nw_abst.jpg, id=88, 496.85625pt x 204.765pt>
File: nw_abst.jpg Graphic file (type jpg)
 <use nw_abst.jpg>
Package pdftex.def Info: nw_abst.jpg used on input line 430.
(pdftex.def)             Requested size: 341.43619pt x 170.72662pt.


LaTeX Warning: Citation `multi-domain' on page 15 undefined on input line 436.


LaTeX Warning: Citation `EHTICS' on page 15 undefined on input line 436.


LaTeX Warning: Citation `multi-domain' on page 15 undefined on input line 436.


Underfull \hbox (badness 10000) in paragraph at lines 438--439

 []

<modify.jpg, id=89, 491.58656pt x 216.81pt>
File: modify.jpg Graphic file (type jpg)
 <use modify.jpg>
Package pdftex.def Info: modify.jpg used on input line 442.
(pdftex.def)             Requested size: 398.35545pt x 142.27127pt.


LaTeX Warning: `h' float specifier changed to `ht'.


Underfull \hbox (badness 10000) in paragraph at lines 448--449

 []


Underfull \hbox (badness 10000) in paragraph at lines 450--451

 []

<sw_model.jpg, id=90, 529.98pt x 231.86626pt>
File: sw_model.jpg Graphic file (type jpg)
 <use sw_model.jpg>
Package pdftex.def Info: sw_model.jpg used on input line 455.
(pdftex.def)             Requested size: 341.43416pt x 113.81357pt.
 [15 <./nw_abst.jpg>] [16 <./modify.jpg> <./sw_model.jpg>]
<bw_model.jpg, id=98, 319.1925pt x 144.54pt>
File: bw_model.jpg Graphic file (type jpg)
 <use bw_model.jpg>
Package pdftex.def Info: bw_model.jpg used on input line 529.
(pdftex.def)             Requested size: 227.62183pt x 85.35724pt.


LaTeX Warning: `h' float specifier changed to `ht'.

[17]
Underfull \hbox (badness 10000) in paragraph at lines 548--550

 []


Underfull \hbox (badness 10000) in paragraph at lines 556--558

 []

[18 <./bw_model.jpg>]
Underfull \hbox (badness 10000) in paragraph at lines 627--628

 []


Underfull \hbox (badness 10000) in paragraph at lines 635--636

 []

[19] [20]
Underfull \hbox (badness 10000) in paragraph at lines 649--650

 []


Underfull \hbox (badness 10000) in paragraph at lines 651--652

 []

<Part_embed.jpg, id=112, 980.16188pt x 464.4853pt>
File: Part_embed.jpg Graphic file (type jpg)
 <use Part_embed.jpg>
Package pdftex.def Info: Part_embed.jpg used on input line 656.
(pdftex.def)             Requested size: 398.33936pt x 170.71579pt.

Underfull \hbox (badness 10000) in paragraph at lines 661--662

 []


Underfull \hbox (badness 10000) in paragraph at lines 663--664

 []

<orch.jpg, id=113, 345.54094pt x 264.99pt>
File: orch.jpg Graphic file (type jpg)
 <use orch.jpg>
Package pdftex.def Info: orch.jpg used on input line 667.
(pdftex.def)             Requested size: 284.53171pt x 227.62413pt.


LaTeX Warning: `h' float specifier changed to `ht'.

[21 <./Part_embed.jpg>]
Underfull \hbox (badness 10000) in paragraph at lines 684--685

 []

<flowchart1.png, id=118, 775.39688pt x 426.09187pt>
File: flowchart1.png Graphic file (type png)
 <use flowchart1.png>
Package pdftex.def Info: flowchart1.png used on input line 689.
(pdftex.def)             Requested size: 497.9324pt x 312.99496pt.

[22 <./orch.jpg>] [23 <./flowchart1.png>]
Underfull \hbox (badness 10000) in paragraph at lines 705--707

 []


Underfull \hbox (badness 10000) in paragraph at lines 708--710

 []


Underfull \hbox (badness 10000) in paragraph at lines 711--712

 []

[24]
Underfull \hbox (badness 10000) in paragraph at lines 758--760

 []


Underfull \hbox (badness 10000) in paragraph at lines 791--793

 []

[25]
Underfull \hbox (badness 10000) in paragraph at lines 821--822

 []


Underfull \hbox (badness 10000) in paragraph at lines 824--826

 []


Underfull \hbox (badness 10000) in paragraph at lines 827--828

 []


Underfull \hbox (badness 10000) in paragraph at lines 830--831

 []

[26] <sub_topo.jpg, id=136, 456.95718pt x 264.23718pt>
File: sub_topo.jpg Graphic file (type jpg)
 <use sub_topo.jpg>
Package pdftex.def Info: sub_topo.jpg used on input line 834.
(pdftex.def)             Requested size: 284.53769pt x 170.71591pt.

Underfull \hbox (badness 10000) in paragraph at lines 839--840

 []

<virt_topo.jpg, id=137, 338.76563pt x 249.93375pt>
File: virt_topo.jpg Graphic file (type jpg)
 <use virt_topo.jpg>
Package pdftex.def Info: virt_topo.jpg used on input line 845.
(pdftex.def)             Requested size: 227.62827pt x 142.26921pt.

Underfull \hbox (badness 10000) in paragraph at lines 851--852

 []

<config.jpg, id=138, 473.51906pt x 348.55219pt>
File: config.jpg Graphic file (type jpg)
 <use config.jpg>
Package pdftex.def Info: config.jpg used on input line 855.
(pdftex.def)             Requested size: 369.89972pt x 227.61992pt.


LaTeX Warning: `h' float specifier changed to `ht'.


Underfull \hbox (badness 10000) in paragraph at lines 860--861

 []

[27 <./sub_topo.jpg> <./virt_topo.jpg>]
Underfull \hbox (badness 10000) in paragraph at lines 874--874
[]\T1/5ch/m/it/9.5 Known nodes=1,
 []


Underfull \hbox (badness 10000) in paragraph at lines 875--875
[]\T1/5ch/m/it/9.5 Known nodes=3,
 []


Underfull \hbox (badness 10000) in paragraph at lines 881--882

 []

[28 <./config.jpg>] <embedding.png, id=146, 1014.79124pt x 517.935pt>
File: embedding.png Graphic file (type png)

<use embedding.png>
Package pdftex.def Info: embedding.png used on input line 887.
(pdftex.def)             Requested size: 497.92325pt x 254.13019pt.
 [29 <./embedding.png>]
<CPU_PE.png, id=151, 329.73187pt x 252.19218pt>
File: CPU_PE.png Graphic file (type png)
 <use CPU_PE.png>
Package pdftex.def Info: CPU_PE.png used on input line 907.
(pdftex.def)             Requested size: 284.52756pt x 217.62373pt.

Underfull \hbox (badness 10000) in paragraph at lines 912--913

 []

<BW_PE.png, id=152, 398.99063pt x 309.40594pt>
File: BW_PE.png Graphic file (type png)
 <use BW_PE.png>
Package pdftex.def Info: BW_PE.png used on input line 917.
(pdftex.def)             Requested size: 284.52756pt x 220.6523pt.


LaTeX Warning: `h' float specifier changed to `ht'.


Underfull \hbox (badness 10000) in paragraph at lines 922--923

 []

[30 <./CPU_PE.png>] <RES_CON_PE.png, id=157, 526.21594pt x 246.9225pt>
File: RES_CON_PE.png Graphic file (type png)

<use RES_CON_PE.png>
Package pdftex.def Info: RES_CON_PE.png used on input line 926.
(pdftex.def)             Requested size: 426.8107pt x 227.6198pt.
 [31 <./BW_PE.png> <./RES_CON_PE.png>] [32] [33]
(TUDthesis.bbl) [34] (TUDthesis.aux)

LaTeX Font Warning: Some font shapes were not available, defaults substituted.


LaTeX Warning: There were undefined references.

 ) 
Here is how much of TeX's memory you used:
 9681 strings out of 493328
 152522 string characters out of 3140849
 316254 words of memory out of 3000000
 12926 multiletter control sequences out of 15000+200000
 72770 words of font info for 84 fonts, out of 3000000 for 9000
 1141 hyphenation exceptions out of 8191
 65i,23n,77p,8890b,590s stack positions out of 5000i,500n,10000p,200000b,50000s
 <C:\Users\sTeve\AppData\Local\MiKTeX\2.9\fonts\pk\ljfour\jknappen\ec\dpi690\
ecrm0600.pk> <C:\Users\sTeve\AppData\Local\MiKTeX\2.9\fonts\pk\ljfour\jknappen\
ec\dpi633\tcrm0900.pk>{C:/Users/sTeve/AppData/Roaming/MiKTeX/2.9/fonts/enc/dvip
s/ly1/texnansi.enc} <C:\Users\sTeve\AppData\Local\MiKTeX\2.9\fonts\pk\ljfour\jk
nappen\ec\dpi633\ecrm0900.pk> <C:\Users\sTeve\AppData\Local\MiKTeX\2.9\fonts\pk
\ljfour\jknappen\ec\dpi684\ecrm1000.pk> <C:\Users\sTeve\AppData\Local\MiKTeX\2.
9\fonts\pk\ljfour\jknappen\ec\dpi690\ecrm1000.pk>{C:/Program Files/MiKTeX/fonts
/enc/dvips/base/8r.enc}<C:/Users/sTeve/AppData/Roaming/MiKTeX/2.9/fonts/type1/b
itstrea/charter/bchr8a.pfb><C:/Users/sTeve/AppData/Roaming/MiKTeX/2.9/fonts/typ
e1/bitstrea/charter/bchri8a.pfb><C:/Users/sTeve/AppData/Roaming/MiKTeX/2.9/font
s/type1/mathdesign/mdbch/md-chr7t.pfb><C:/Users/sTeve/AppData/Roaming/MiKTeX/2.
9/fonts/type1/mathdesign/mdbch/md-chr7v.pfb><C:/Users/sTeve/AppData/Roaming/MiK
TeX/2.9/fonts/type1/mathdesign/mdbch/md-chr7y.pfb><C:/Users/sTeve/AppData/Roami
ng/MiKTeX/2.9/fonts/type1/mathdesign/mdbch/md-chri7m.pfb><C:/Program Files/MiKT
eX/fonts/type1/adobe/utopia/putri8a.pfb><C:/Users/sTeve/AppData/Roaming/MiKTeX/
2.9/fonts/type1/urw/arial/ua1r8a.pfb>
Output written on TUDthesis.pdf (38 pages, 1256047 bytes).
PDF statistics:
 406 PDF objects out of 1000 (max. 8388607)
 0 named destinations out of 1000 (max. 500000)
 128 words of extra memory for PDF output out of 10000 (max. 10000000)

